app/build/intermediates/manifest_merge_blame_file/debug/manifest-merger-blame-debug-report.txt
1<?xml version="1.0" encoding="utf-8"?>
2<manifest xmlns:android="http://schemas.android.com/apk/res/android"
3    package="com.azhar.indonews"
4    android:versionCode="1"
5    android:versionName="1.0" >
6
7    <uses-sdk
8        android:minSdkVersion="21"
8-->src\main\AndroidManifest.xml
9        android:targetSdkVersion="33" />
9-->src\main\AndroidManifest.xml
10
11    <uses-permission android:name="android.permission.ACCESS_NETWORK_STATE" />
11-->src\main\AndroidManifest.xml:4:5-78
11-->src\main\AndroidManifest.xml:4:22-76
12    <uses-permission android:name="android.permission.INTERNET" />
12-->src\main\AndroidManifest.xml:5:5-66
12-->src\main\AndroidManifest.xml:5:22-64
13
14    <application
14-->src\main\AndroidManifest.xml:7:5-52:19
15        android:allowBackup="true"
15-->src\main\AndroidManifest.xml:8:9-35
16        android:appComponentFactory="androidx.core.app.CoreComponentFactory"
16-->[androidx.core:core:1.1.0] AndroidManifest.xml:24:18-86
17        android:debuggable="true"
18        android:icon="@mipmap/ic_launcher"
18-->src\main\AndroidManifest.xml:9:9-43
19        android:label="@string/app_name"
19-->src\main\AndroidManifest.xml:10:9-41
20        android:roundIcon="@mipmap/ic_launcher_round"
20-->src\main\AndroidManifest.xml:11:9-54
21        android:supportsRtl="true"
21-->src\main\AndroidManifest.xml:12:9-35
22        android:testOnly="true"
23        android:theme="@style/AppTheme"
23-->src\main\AndroidManifest.xml:13:9-40
24        android:usesCleartextTraffic="true" >
24-->src\main\AndroidManifest.xml:14:9-44
25>
26        <activity
26-->src\main\AndroidManifest.xml:16:9-23:20
27            android:name="com.azhar.indonews.MainActivity"
27-->src\main\AndroidManifest.xml:17:13-41
28            android:exported="true" >
28-->src\main\AndroidManifest.xml:18:13-36
29            <intent-filter>
29-->src\main\AndroidManifest.xml:19:13-22:29
30                <action android:name="android.intent.action.MAIN" />
30-->src\main\AndroidManifest.xml:20:17-69
30-->src\main\AndroidManifest.xml:20:25-66
31
32                <category android:name="android.intent.category.LAUNCHER" />
32-->src\main\AndroidManifest.xml:21:17-77
32-->src\main\AndroidManifest.xml:21:27-74
33            </intent-filter>
34        </activity>
35        <activity
35-->src\main\AndroidManifest.xml:24:9-27:51
36            android:name="com.azhar.indonews.OpenNewsActivity"
36-->src\main\AndroidManifest.xml:25:13-45
37            android:exported="true"
37-->src\main\AndroidManifest.xml:26:13-36
38            android:screenOrientation="portrait" />
38-->src\main\AndroidManifest.xml:27:13-49
39        <activity
39-->src\main\AndroidManifest.xml:28:9-31:51
40            android:name="com.azhar.indonews.EntertaimentActivity"
40-->src\main\AndroidManifest.xml:29:13-49
41            android:exported="true"
41-->src\main\AndroidManifest.xml:30:13-36
42            android:screenOrientation="portrait" />
42-->src\main\AndroidManifest.xml:31:13-49
43        <activity
43-->src\main\AndroidManifest.xml:32:9-35:51
44            android:name="com.azhar.indonews.HeadLineActivity"
44-->src\main\AndroidManifest.xml:33:13-45
45            android:exported="true"
45-->src\main\AndroidManifest.xml:34:13-36
46            android:screenOrientation="portrait" />
46-->src\main\AndroidManifest.xml:35:13-49
47        <activity
47-->src\main\AndroidManifest.xml:36:9-39:51
48            android:name="com.azhar.indonews.HealthActivity"
48-->src\main\AndroidManifest.xml:37:13-43
49            android:exported="true"
49-->src\main\AndroidManifest.xml:38:13-36
50            android:screenOrientation="portrait" />
50-->src\main\AndroidManifest.xml:39:13-49
51        <activity
51-->src\main\AndroidManifest.xml:40:9-43:51
52            android:name="com.azhar.indonews.BusinessActivity"
52-->src\main\AndroidManifest.xml:41:13-45
53            android:exported="true"
53-->src\main\AndroidManifest.xml:42:13-36
54            android:screenOrientation="portrait" />
54-->src\main\AndroidManifest.xml:43:13-49
55        <activity
55-->src\main\AndroidManifest.xml:44:9-47:51
56            android:name="com.azhar.indonews.SportsNewsActivity"
56-->src\main\AndroidManifest.xml:45:13-47
57            android:exported="true"
57-->src\main\AndroidManifest.xml:46:13-36
58            android:screenOrientation="portrait" />
58-->src\main\AndroidManifest.xml:47:13-49
59        <activity
59-->src\main\AndroidManifest.xml:48:9-51:51
60            android:name="com.azhar.indonews.TechnologyActivity"
60-->src\main\AndroidManifest.xml:49:13-47
61            android:exported="true"
61-->src\main\AndroidManifest.xml:50:13-36
62            android:screenOrientation="portrait" />
62-->src\main\AndroidManifest.xml:51:13-49
63    </application>
64
65</manifest>